TN:
SF:dist\common\errors\AppError.js
FN:8,(anonymous_0)
FNF:1
FNH:1
FNDA:6,(anonymous_0)
DA:3,5
DA:6,5
DA:9,6
DA:10,6
DA:13,5
LF:5
LH:5
BRF:0
BRH:0
end_of_record
TN:
SF:dist\core\domain\Post.js
FN:9,(anonymous_0)
FN:20,(anonymous_1)
FN:23,(anonymous_2)
FN:26,(anonymous_3)
FN:29,(anonymous_4)
FN:32,(anonymous_5)
FN:35,(anonymous_6)
FN:38,(anonymous_7)
FN:41,(anonymous_8)
FNF:9
FNH:7
FNDA:5,(anonymous_0)
FNDA:10,(anonymous_1)
FNDA:2,(anonymous_2)
FNDA:1,(anonymous_3)
FNDA:2,(anonymous_4)
FNDA:1,(anonymous_5)
FNDA:0,(anonymous_6)
FNDA:0,(anonymous_7)
FNDA:1,(anonymous_8)
DA:3,5
DA:6,5
DA:7,5
DA:14,5
DA:15,5
DA:16,5
DA:17,5
DA:18,5
DA:21,10
DA:24,2
DA:27,1
DA:30,2
DA:33,1
DA:36,0
DA:39,0
DA:42,1
DA:45,5
LF:17
LH:15
BRDA:14,0,0,5
BRDA:14,0,1,2
BRF:2
BRH:2
end_of_record
TN:
SF:dist\core\usecases\create-post-usecase.js
FN:10,(anonymous_0)
FN:13,(anonymous_1)
FNF:2
FNH:2
FNDA:8,(anonymous_0)
FNDA:8,(anonymous_1)
DA:3,5
DA:6,5
DA:7,5
DA:8,5
DA:11,8
DA:14,8
DA:15,1
DA:17,7
DA:18,1
DA:20,6
DA:21,1
DA:23,5
DA:28,5
DA:29,5
DA:32,5
LF:15
LH:15
BRDA:14,0,0,1
BRDA:14,0,1,7
BRDA:14,1,0,8
BRDA:14,1,1,2
BRDA:17,2,0,1
BRDA:17,2,1,6
BRDA:20,3,0,1
BRDA:20,3,1,5
BRF:8
BRH:8
end_of_record
TN:
SF:dist\core\usecases\delete-post-usecase.js
FN:9,(anonymous_0)
FN:12,(anonymous_1)
FNF:2
FNH:2
FNDA:1,(anonymous_0)
FNDA:2,(anonymous_1)
DA:3,1
DA:6,1
DA:7,1
DA:10,1
DA:13,2
DA:14,2
DA:15,1
DA:17,1
DA:18,1
DA:21,1
LF:10
LH:10
BRDA:14,0,0,1
BRDA:14,0,1,1
BRF:2
BRH:2
end_of_record
TN:
SF:dist\core\usecases\edit-post-usecase.js
FN:9,(anonymous_0)
FN:12,(anonymous_1)
FNF:2
FNH:2
FNDA:2,(anonymous_0)
FNDA:2,(anonymous_1)
DA:3,1
DA:6,1
DA:7,1
DA:10,2
DA:13,2
DA:14,2
DA:15,1
DA:17,1
DA:18,1
DA:19,1
DA:20,1
DA:21,1
DA:24,1
LF:13
LH:13
BRDA:14,0,0,1
BRDA:14,0,1,1
BRF:2
BRH:2
end_of_record
TN:
SF:dist\core\usecases\find-post-by-id-usecase.js
FN:9,(anonymous_0)
FN:12,(anonymous_1)
FNF:2
FNH:2
FNDA:1,(anonymous_0)
FNDA:2,(anonymous_1)
DA:3,1
DA:6,1
DA:7,1
DA:10,1
DA:13,2
DA:14,2
DA:15,1
DA:17,1
DA:20,1
LF:9
LH:9
BRDA:14,0,0,1
BRDA:14,0,1,1
BRF:2
BRH:2
end_of_record
TN:
SF:dist\core\usecases\list-all-posts-usecase.js
FN:8,(anonymous_0)
FN:11,(anonymous_1)
FNF:2
FNH:2
FNDA:1,(anonymous_0)
FNDA:1,(anonymous_1)
DA:3,1
DA:6,1
DA:9,1
DA:12,1
DA:13,1
DA:16,1
LF:6
LH:6
BRF:0
BRH:0
end_of_record
TN:
SF:dist\infrastructure\data\repositories\fakes\fake-post-repository.js
FN:9,(anonymous_0)
FN:13,(anonymous_1)
FN:16,(anonymous_2)
FN:17,(anonymous_3)
FN:20,(anonymous_4)
FN:21,(anonymous_5)
FN:25,(anonymous_6)
FN:26,(anonymous_7)
FNF:8
FNH:8
FNDA:5,(anonymous_0)
FNDA:1,(anonymous_1)
FNDA:6,(anonymous_2)
FNDA:4,(anonymous_3)
FNDA:1,(anonymous_4)
FNDA:1,(anonymous_5)
FNDA:1,(anonymous_6)
FNDA:1,(anonymous_7)
DA:3,5
DA:6,5
DA:8,9
DA:10,5
DA:11,5
DA:14,1
DA:17,6
DA:18,6
DA:21,1
DA:22,1
DA:23,1
DA:26,1
DA:27,1
DA:28,1
DA:31,5
LF:15
LH:15
BRF:0
BRH:0
end_of_record
TN:
SF:src\common\errors\AppError.ts
FN:5,(anonymous_0)
FNF:1
FNH:1
FNDA:6,(anonymous_0)
DA:6,6
DA:7,6
LF:2
LH:2
BRF:0
BRH:0
end_of_record
TN:
SF:src\core\domain\Post.ts
FN:10,(anonymous_0)
FN:26,(anonymous_1)
FN:30,(anonymous_2)
FN:34,(anonymous_3)
FN:38,(anonymous_4)
FN:42,(anonymous_5)
FN:46,(anonymous_6)
FN:50,(anonymous_7)
FN:54,(anonymous_8)
FNF:9
FNH:7
FNDA:5,(anonymous_0)
FNDA:10,(anonymous_1)
FNDA:2,(anonymous_2)
FNDA:1,(anonymous_3)
FNDA:2,(anonymous_4)
FNDA:1,(anonymous_5)
FNDA:0,(anonymous_6)
FNDA:0,(anonymous_7)
FNDA:1,(anonymous_8)
DA:19,5
DA:20,5
DA:21,5
DA:22,5
DA:23,5
DA:27,10
DA:31,2
DA:35,1
DA:39,2
DA:43,1
DA:47,0
DA:51,0
DA:55,1
LF:13
LH:11
BRDA:19,0,0,5
BRDA:19,0,1,2
BRF:2
BRH:2
end_of_record
TN:
SF:src\core\usecases\create-post-usecase.ts
FN:6,(anonymous_0)
FN:8,(anonymous_1)
FNF:2
FNH:2
FNDA:8,(anonymous_0)
FNDA:8,(anonymous_1)
DA:9,8
DA:10,1
DA:13,7
DA:14,1
DA:17,6
DA:18,1
DA:21,5
DA:27,5
DA:29,5
LF:9
LH:9
BRDA:9,0,0,1
BRDA:9,0,1,7
BRDA:9,1,0,8
BRDA:9,1,1,2
BRDA:13,2,0,1
BRDA:13,2,1,6
BRDA:17,3,0,1
BRDA:17,3,1,5
BRF:8
BRH:8
end_of_record
TN:
SF:src\core\usecases\delete-post-usecase.ts
FN:5,(anonymous_0)
FN:7,(anonymous_1)
FNF:2
FNH:2
FNDA:1,(anonymous_0)
FNDA:2,(anonymous_1)
DA:8,2
DA:10,2
DA:11,1
DA:14,1
DA:16,1
LF:5
LH:5
BRDA:10,0,0,1
BRDA:10,0,1,1
BRF:2
BRH:2
end_of_record
TN:
SF:src\core\usecases\edit-post-usecase.ts
FN:5,(anonymous_0)
FN:7,(anonymous_1)
FNF:2
FNH:2
FNDA:2,(anonymous_0)
FNDA:2,(anonymous_1)
DA:8,2
DA:10,2
DA:11,1
DA:14,1
DA:15,1
DA:16,1
DA:18,1
DA:20,1
LF:8
LH:8
BRDA:10,0,0,1
BRDA:10,0,1,1
BRF:2
BRH:2
end_of_record
TN:
SF:src\core\usecases\find-post-by-id-usecase.ts
FN:5,(anonymous_0)
FN:7,(anonymous_1)
FNF:2
FNH:2
FNDA:1,(anonymous_0)
FNDA:2,(anonymous_1)
DA:8,2
DA:10,2
DA:11,1
DA:14,1
LF:4
LH:4
BRDA:10,0,0,1
BRDA:10,0,1,1
BRF:2
BRH:2
end_of_record
TN:
SF:src\core\usecases\list-all-posts-usecase.ts
FN:4,(anonymous_0)
FN:6,(anonymous_1)
FNF:2
FNH:2
FNDA:1,(anonymous_0)
FNDA:1,(anonymous_1)
DA:7,1
DA:8,1
LF:2
LH:2
BRF:0
BRH:0
end_of_record
TN:
SF:src\infrastructure\data\repositories\fakes\fake-post-repository.ts
FN:7,(anonymous_0)
FN:12,(anonymous_1)
FN:16,(anonymous_2)
FN:17,(anonymous_3)
FN:21,(anonymous_4)
FN:22,(anonymous_5)
FN:27,(anonymous_6)
FN:28,(anonymous_7)
FNF:8
FNH:8
FNDA:5,(anonymous_0)
FNDA:1,(anonymous_1)
FNDA:6,(anonymous_2)
FNDA:4,(anonymous_3)
FNDA:1,(anonymous_4)
FNDA:1,(anonymous_5)
FNDA:1,(anonymous_6)
FNDA:1,(anonymous_7)
DA:5,9
DA:8,5
DA:9,5
DA:13,1
DA:17,6
DA:18,6
DA:22,1
DA:23,1
DA:24,1
DA:28,1
DA:29,1
DA:30,1
LF:12
LH:12
BRF:0
BRH:0
end_of_record
